UID: VILARDID @ 2015/01/13 14:59:17 on home.php
UID: VILARDID @ 2015/01/13 14:59:18 on transiti.php
UID: VILARDID @ 2015/01/13 14:59:19 on magazzino.php
UID: VILARDID @ 2015/01/13 14:59:20 on scarico.php
UID: VILARDID @ 2015/01/13 14:59:22 on carico.php
UID: VILARDID @ 2015/01/13 15:22:06 on carico.php
UID: VILARDID @ 2015/01/13 15:24:27 on vserv.php
UID: VILARDID @ 2015/01/13 15:25:29 on vserv.php
UID: VILARDID @ 2015/01/13 15:25:48 on vserv.php
UID: VILARDID @ 2015/01/13 16:15:22 on scarico.php
UID: VILARDID @ 2015/01/13 16:15:30 on scarico.php
UID: VILARDID @ 2015/01/13 16:16:27 on scarico.php
UID: VILARDID @ 2015/01/13 16:16:39 on carico.php
UID: VILARDID @ 2015/01/13 16:16:50 on scarico.php
UID: VILARDID @ 2015/01/13 16:17:01 on vserv.php
UID: VILARDID @ 2015/01/13 16:19:02 on vserv.php
UID: VILARDID @ 2015/01/13 16:19:29 on vserv.php
UID: VILARDID @ 2015/01/13 16:20:54 on vserv.php
UID: VILARDID @ 2015/01/13 16:22:06 on vserv.php
UID: VILARDID @ 2015/01/13 16:22:09 on vserv.php
UID: VILARDID @ 2015/01/13 16:22:12 on vserv.php
UID: VILARDID @ 2015/01/13 16:22:23 on vserv.php
UID: VILARDID @ 2015/01/13 16:23:01 on vserv.php
UID: VILARDID @ 2015/01/13 16:23:08 on vserv.php
UID: VILARDID @ 2015/01/13 16:23:12 on vserv.php
UID: VILARDID @ 2015/01/13 16:23:13 on vserv.php
UID: VILARDID @ 2015/01/13 16:23:16 on vserv.php
UID: VILARDID @ 2015/01/13 16:23:17 on vserv.php
UID: VILARDID @ 2015/01/13 16:23:20 on vserv.php
UID: VILARDID @ 2015/01/13 16:37:50 on vserv.php
UID: VILARDID @ 2015/01/13 16:38:18 on vserv.php
UID: VILARDID @ 2015/01/13 16:38:25 on vserv.php
UID: VILARDID @ 2015/01/13 16:38:29 on carico.php
UID: VILARDID @ 2015/01/13 16:38:32 on carico.php
UID: VILARDID @ 2015/01/13 16:38:39 on vserv.php
UID: VILARDID @ 2015/01/13 16:38:45 on vserv.php
UID: VILARDID @ 2015/01/13 16:40:19 on vserv.php
UID: VILARDID @ 2015/01/13 16:44:30 on vserv.php
UID: VILARDID @ 2015/01/13 16:44:47 on vserv.php
UID: VILARDID @ 2015/01/13 16:44:50 on vserv.php
UID: VILARDID @ 2015/01/13 17:14:06 on vserv.php
UID: VILARDID @ 2015/01/13 17:14:18 on scarico.php
UID: VILARDID @ 2015/01/13 17:16:46 on scarico.php
UID: VILARDID @ 2015/01/13 17:19:23 on scarico.php
UID: VILARDID @ 2015/01/13 17:21:17 on vserv.php
UID: VILARDID @ 2015/01/13 17:35:47 on scarico.php
UID: VILARDID @ 2015/01/13 17:35:54 on scarico.php
UID: VILARDID @ 2015/01/13 17:36:39 on scarico.php
UID: VILARDID @ 2015/01/13 17:36:42 on scarico.php
UID: VILARDID @ 2015/01/13 17:36:44 on scarico.php
UID: VILARDID @ 2015/01/13 17:37:36 on scarico.php
UID: VILARDID @ 2015/01/13 17:37:40 on scarico.php
UID: VILARDID @ 2015/01/13 17:38:09 on scarico.php
UID: VILARDID @ 2015/01/13 17:38:13 on scarico.php
UID: VILARDID @ 2015/01/13 17:38:31 on scarico.php
UID: VILARDID @ 2015/01/13 17:38:42 on scarico.php
UID: VILARDID @ 2015/01/13 17:39:28 on scarico.php
UID: DALES177 @ 2015/01/13 18:28:03 on vserv.php
UID: DALES177 @ 2015/01/13 18:28:06 on vserv.php
UID: DALES177 @ 2015/01/13 18:28:15 on vserv.php
UID: DALES177 @ 2015/01/13 18:28:39 on vserv.php
UID: DALES177 @ 2015/01/13 18:28:47 on vserv.php
UID: DALES177 @ 2015/01/13 18:30:13 on vserv.php
UID: DALES177 @ 2015/01/13 18:30:16 on vserv.php
UID: DALES177 @ 2015/01/13 18:30:17 on vserv.php
UID: DALES177 @ 2015/01/13 18:30:26 on vserv.php
UID: DALES177 @ 2015/01/13 18:30:28 on vserv.php
UID: VILARDID @ 2015/01/13 19:10:03 on home.php
UID: VILARDID @ 2015/01/13 19:10:07 on transiti.php
UID: VILARDID @ 2015/01/13 19:10:10 on magazzino.php
UID: VILARDID @ 2015/01/13 19:10:12 on scarico.php
UID: VILARDID @ 2015/01/13 19:10:37 on home.php
UID: VILARDID @ 2015/01/13 19:11:07 on transiti.php
UID: VILARDID @ 2015/01/13 19:11:30 on scarico.php
UID: VILARDID @ 2015/01/13 19:14:16 on scarico.php
UID: VILARDID @ 2015/01/13 19:14:49 on scarico.php
UID: VILARDID @ 2015/01/13 19:14:53 on scarico.php
UID: VILARDID @ 2015/01/13 19:15:09 on scarico.php
UID: VILARDID @ 2015/01/13 19:19:07 on home.php
UID: VILARDID @ 2015/01/13 19:19:09 on carico.php
UID: VILARDID @ 2015/01/13 19:19:14 on carico.php
UID: VILARDID @ 2015/01/13 19:19:26 on scarico.php
UID: VILARDID @ 2015/01/13 19:19:30 on magazzino.php
UID: VILARDID @ 2015/01/13 19:20:06 on magazzino.php
UID: VILARDID @ 2015/01/13 19:21:48 on carico.php
UID: VILARDID @ 2015/01/13 19:21:51 on carico.php
UID: VILARDID @ 2015/01/13 19:22:20 on scarico.php
UID: VILARDID @ 2015/01/13 19:22:22 on scarico.php
UID: VILARDID @ 2015/01/13 19:22:25 on scarico.php
UID: VILARDID @ 2015/01/13 19:22:42 on transiti.php
UID: VILARDID @ 2015/01/13 19:22:48 on magazzino.php
UID: VILARDID @ 2015/01/13 19:23:02 on magazzino.php
UID: VILARDID @ 2015/01/13 19:23:09 on carico.php
UID: VILARDID @ 2015/01/13 19:23:11 on scarico.php
UID: VILARDID @ 2015/01/13 19:23:13 on carico.php
UID: VILARDID @ 2015/01/13 19:23:40 on scarico.php
UID: VILARDID @ 2015/01/13 19:23:43 on home.php
UID: VILARDID @ 2015/01/13 19:24:23 on home.php
UID: VILARDID @ 2015/01/13 19:24:28 on transiti.php
UID: VILARDID @ 2015/01/13 19:24:31 on carico.php
UID: VILARDID @ 2015/01/13 19:24:31 on scarico.php
UID: VILARDID @ 2015/01/13 19:24:36 on magazzino.php
UID: VILARDID @ 2015/01/13 19:24:37 on transiti.php
UID: VILARDID @ 2015/01/13 19:24:38 on home.php
UID: VILARDID @ 2015/01/13 19:25:20 on home.php
UID: VILARDID @ 2015/01/13 19:25:22 on magazzino.php
UID: VILARDID @ 2015/01/13 19:25:30 on carico.php
UID: VILARDID @ 2015/01/13 19:25:32 on carico.php
UID: VILARDID @ 2015/01/13 19:27:36 on transiti.php
UID: VILARDID @ 2015/01/13 19:27:39 on magazzino.php
UID: VILARDID @ 2015/01/13 19:27:42 on carico.php
UID: VILARDID @ 2015/01/13 19:27:45 on carico.php
UID: VILARDID @ 2015/01/13 19:27:49 on carico.php
UID: VILARDID @ 2015/01/13 19:28:02 on carico.php
UID: VILARDID @ 2015/01/13 19:28:28 on carico.php
UID: VILARDID @ 2015/01/13 19:28:29 on transiti.php
UID: VILARDID @ 2015/01/13 19:28:30 on home.php
UID: VILARDID @ 2015/01/13 19:28:34 on transiti.php
UID: VILARDID @ 2015/01/13 19:28:40 on magazzino.php
UID: VILARDID @ 2015/01/13 19:28:41 on carico.php
UID: VILARDID @ 2015/01/13 19:28:45 on carico.php
UID: VILARDID @ 2015/01/13 19:30:37 on magazzino.php
UID: VILARDID @ 2015/01/13 19:31:17 on home.php
UID: VILARDID @ 2015/01/13 19:31:18 on transiti.php
UID: VILARDID @ 2015/01/13 19:31:20 on magazzino.php
UID: VILARDID @ 2015/01/13 19:31:22 on carico.php
UID: VILARDID @ 2015/01/13 19:31:25 on carico.php
UID: VILARDID @ 2015/01/13 19:33:22 on magazzino.php
UID: VILARDID @ 2015/01/13 19:39:17 on home.php
UID: VILARDID @ 2015/01/13 19:39:18 on transiti.php
UID: VILARDID @ 2015/01/13 19:39:20 on transiti.php
UID: VILARDID @ 2015/01/13 19:39:22 on magazzino.php
UID: VILARDID @ 2015/01/13 19:39:24 on carico.php
UID: VILARDID @ 2015/01/13 19:39:25 on scarico.php
UID: VILARDID @ 2015/01/13 19:39:27 on transiti.php
UID: VILARDID @ 2015/01/13 19:40:12 on home.php
UID: VILARDID @ 2015/01/13 19:40:14 on transiti.php
UID: VILARDID @ 2015/01/13 19:40:18 on carico.php
UID: VILARDID @ 2015/01/13 19:40:19 on scarico.php
UID: VILARDID @ 2015/01/13 19:40:22 on scarico.php
UID: VILARDID @ 2015/01/13 19:40:42 on magazzino.php
UID: VILARDID @ 2015/01/13 19:45:23 on home.php
UID: VILARDID @ 2015/01/13 19:45:24 on transiti.php
UID: VILARDID @ 2015/01/13 19:45:25 on magazzino.php
UID: VILARDID @ 2015/01/13 19:45:26 on carico.php
UID: VILARDID @ 2015/01/13 19:45:27 on scarico.php
UID: VILARDID @ 2015/01/13 19:45:29 on carico.php
UID: VILARDID @ 2015/01/13 19:45:30 on carico.php
UID: VILARDID @ 2015/01/13 19:45:36 on carico.php
UID: VILARDID @ 2015/01/13 19:45:38 on scarico.php
UID: VILARDID @ 2015/01/13 19:46:11 on transiti.php
UID: VILARDID @ 2015/01/13 19:46:22 on home.php
